<?xml version="1.0" encoding="UTF-8"?>
<robot generator="Robot 3.2.1 (Python 3.8.3 on win32)" generated="20200728 19:41:38.545" rpa="false">
<suite id="s1" name="Login" source="C:\qaninja\roboweek\ninjachef\mobile\tests\login.robot">
<test id="s1-t1" name="Acessar o cardapio">
<kw name="Open Session" library="base" type="setup">
<kw name="Open Application" library="AppiumLibrary">
<doc>Opens a new application to given Appium server.
Capabilities of appium server, Android and iOS,
Please check https://github.com/appium/appium/blob/master/docs/en/writing-running-appium/server-args.md
| *Option*            | *Man.* | *Description*     |
| remote_url          | Yes    | Appium server url |
| alias               | no     | alias             |</doc>
<arguments>
<arg>http://localhost:4723/wd/hub</arg>
<arg>automationName=UiAutomator2</arg>
<arg>platformName=Android</arg>
<arg>deviceName=AndroidEmulator</arg>
<arg>app=${EXECDIR}/app/ninjachef.apk</arg>
<arg>udid=emulator-5554</arg>
<arg>adbExecTimeout=120000</arg>
</arguments>
<status status="PASS" starttime="20200728 19:41:39.502" endtime="20200728 19:42:56.389"></status>
</kw>
<status status="PASS" starttime="20200728 19:41:39.501" endtime="20200728 19:42:56.391"></status>
</kw>
<kw name="Dado que eu desejo comer &quot;Massas&quot;" library="kws">
<kw name="Set Test Variable" library="BuiltIn">
<doc>Makes a variable available everywhere within the scope of the current test.</doc>
<arguments>
<arg>${prato}</arg>
</arguments>
<msg timestamp="20200728 19:42:56.397" level="INFO">${prato} = Massas</msg>
<status status="PASS" starttime="20200728 19:42:56.395" endtime="20200728 19:42:56.398"></status>
</kw>
<status status="PASS" starttime="20200728 19:42:56.393" endtime="20200728 19:42:56.399"></status>
</kw>
<kw name="Quando submeto meu email &quot;albert@teste.com.br&quot;" library="kws">
<kw name="Wait Until Page Contains" library="AppiumLibrary">
<doc>Waits until `text` appears on current page.</doc>
<arguments>
<arg>Buscar Prato</arg>
<arg>20</arg>
</arguments>
<status status="PASS" starttime="20200728 19:42:56.404" endtime="20200728 19:43:10.448"></status>
</kw>
<kw name="Input Text" library="AppiumLibrary">
<doc>Types the given `text` into text field identified by `locator`.</doc>
<arguments>
<arg>accessibility_id=emailInput</arg>
<arg>${email}</arg>
</arguments>
<msg timestamp="20200728 19:43:10.452" level="INFO">Typing text 'albert@teste.com.br' into text field 'accessibility_id=emailInput'</msg>
<status status="PASS" starttime="20200728 19:43:10.448" endtime="20200728 19:43:11.207"></status>
</kw>
<kw name="Input Text" library="AppiumLibrary">
<doc>Types the given `text` into text field identified by `locator`.</doc>
<arguments>
<arg>accessibility_id=plateInput</arg>
<arg>${prato}</arg>
</arguments>
<msg timestamp="20200728 19:43:11.211" level="INFO">Typing text 'Massas' into text field 'accessibility_id=plateInput'</msg>
<status status="PASS" starttime="20200728 19:43:11.208" endtime="20200728 19:43:12.397"></status>
</kw>
<kw name="Click Text" library="AppiumLibrary">
<doc>Click text identified by ``text``.</doc>
<arguments>
<arg>Buscar Prato</arg>
</arguments>
<status status="PASS" starttime="20200728 19:43:12.398" endtime="20200728 19:43:13.818"></status>
</kw>
<status status="PASS" starttime="20200728 19:42:56.401" endtime="20200728 19:43:13.819"></status>
</kw>
<kw name="Então devo ver a lista de pratos por tipo" library="kws">
<kw name="Wait Until Page Contains" library="AppiumLibrary">
<doc>Waits until `text` appears on current page.</doc>
<arguments>
<arg>Fome de ${prato}</arg>
</arguments>
<status status="PASS" starttime="20200728 19:43:13.821" endtime="20200728 19:43:18.133"></status>
</kw>
<status status="PASS" starttime="20200728 19:43:13.820" endtime="20200728 19:43:18.133"></status>
</kw>
<kw name="Close Session" library="base" type="teardown">
<kw name="Capture Page Screenshot" library="AppiumLibrary">
<doc>Takes a screenshot of the current page and embeds it into the log.</doc>
<msg timestamp="20200728 19:43:20.918" level="INFO" html="yes">&lt;/td&gt;&lt;/tr&gt;&lt;tr&gt;&lt;td colspan="3"&gt;&lt;a href="appium-screenshot-1.png"&gt;&lt;img src="appium-screenshot-1.png" width="800px"&gt;&lt;/a&gt;</msg>
<status status="PASS" starttime="20200728 19:43:18.136" endtime="20200728 19:43:20.919"></status>
</kw>
<kw name="Close Application" library="AppiumLibrary">
<doc>Closes the current application and also close webdriver session.</doc>
<status status="PASS" starttime="20200728 19:43:20.920" endtime="20200728 19:43:27.072"></status>
</kw>
<status status="PASS" starttime="20200728 19:43:18.135" endtime="20200728 19:43:27.073"></status>
</kw>
<status status="PASS" starttime="20200728 19:41:39.499" endtime="20200728 19:43:27.074" critical="yes"></status>
</test>
<doc>Testes do Login no NinjaChef Mobile</doc>
<status status="PASS" starttime="20200728 19:41:38.551" endtime="20200728 19:43:27.081"></status>
</suite>
<statistics>
<total>
<stat pass="1" fail="0">Critical Tests</stat>
<stat pass="1" fail="0">All Tests</stat>
</total>
<tag>
</tag>
<suite>
<stat pass="1" fail="0" id="s1" name="Login">Login</stat>
</suite>
</statistics>
<errors>
</errors>
</robot>
