<?xml version="1.0" encoding="UTF-8"?>
<robot generator="Robot 3.2.1 (Python 3.8.3 on win32)" generated="20200803 20:41:01.738" rpa="false">
<suite id="s1" name="Receber-Pedidos" source="C:\qaninja\roboweek\ninjachef\web\tests\receber-pedidos.robot">
<test id="s1-t1" name="Receber novo pedido">
<kw name="Abrir navegador" library="base" type="setup">
<kw name="Open Browser" library="SeleniumLibrary">
<doc>Opens a new browser instance to the optional ``url``.</doc>
<arguments>
<arg>about:blank</arg>
<arg>${BROWSER}</arg>
</arguments>
<msg timestamp="20200803 20:41:02.197" level="INFO">Opening browser 'chrome' to base url 'about:blank'.</msg>
<status status="PASS" starttime="20200803 20:41:02.197" endtime="20200803 20:41:05.487"></status>
</kw>
<kw name="Set Selenium Implicit Wait" library="SeleniumLibrary">
<doc>Sets the implicit wait value used by Selenium.</doc>
<arguments>
<arg>10</arg>
</arguments>
<status status="PASS" starttime="20200803 20:41:05.487" endtime="20200803 20:41:05.489"></status>
</kw>
<kw name="Set Window Size" library="SeleniumLibrary">
<doc>Sets current windows size to given ``width`` and ``height``.</doc>
<arguments>
<arg>1280</arg>
<arg>800</arg>
</arguments>
<status status="PASS" starttime="20200803 20:41:05.489" endtime="20200803 20:41:07.608"></status>
</kw>
<status status="PASS" starttime="20200803 20:41:02.196" endtime="20200803 20:41:07.609"></status>
</kw>
<kw name="Dado que &quot;albert@teste.com&quot; é a minha conta de cozinheiro" library="kws">
<kw name="Set Test Variable" library="BuiltIn">
<doc>Makes a variable available everywhere within the scope of the current test.</doc>
<arguments>
<arg>${email_cozinheiro}</arg>
</arguments>
<msg timestamp="20200803 20:41:07.610" level="INFO">${email_cozinheiro} = albert@teste.com</msg>
<status status="PASS" starttime="20200803 20:41:07.610" endtime="20200803 20:41:07.611"></status>
</kw>
<kw name="Get Api Login" library="helpers">
<arguments>
<arg>${email_cozinheiro}</arg>
</arguments>
<assign>
<var>${token_cozinheiro}</var>
</assign>
<kw name="Create Dictionary" library="BuiltIn">
<doc>Creates and returns a dictionary based on the given ``items``.</doc>
<arguments>
<arg>Content-Type=application/json</arg>
</arguments>
<assign>
<var>&amp;{headers}</var>
</assign>
<msg timestamp="20200803 20:41:07.612" level="INFO">&amp;{headers} = { Content-Type=application/json }</msg>
<status status="PASS" starttime="20200803 20:41:07.611" endtime="20200803 20:41:07.612"></status>
</kw>
<kw name="Create Dictionary" library="BuiltIn">
<doc>Creates and returns a dictionary based on the given ``items``.</doc>
<arguments>
<arg>email=${email_param}</arg>
</arguments>
<assign>
<var>&amp;{payload}</var>
</assign>
<msg timestamp="20200803 20:41:07.613" level="INFO">&amp;{payload} = { email=albert@teste.com }</msg>
<status status="PASS" starttime="20200803 20:41:07.612" endtime="20200803 20:41:07.613"></status>
</kw>
<kw name="Create Session" library="RequestsLibrary">
<doc>Create Session: create a HTTP session to a server</doc>
<arguments>
<arg>api</arg>
<arg>${api_url}</arg>
</arguments>
<msg timestamp="20200803 20:41:07.613" level="INFO">Creating Session using : alias=api, url=http://ninjachef-api-qaninja-io.umbler.net, headers={},                     cookies={}, auth=None, timeout=None, proxies=None, verify=False,                     debug=0 </msg>
<status status="PASS" starttime="20200803 20:41:07.613" endtime="20200803 20:41:07.613"></status>
</kw>
<kw name="Post Request" library="RequestsLibrary">
<doc>Send a POST request on the session object found using the
given `alias`</doc>
<arguments>
<arg>api</arg>
<arg>/sessions</arg>
<arg>data=${payload}</arg>
<arg>headers=${headers}</arg>
</arguments>
<assign>
<var>${resp}</var>
</assign>
<msg timestamp="20200803 20:41:07.894" level="INFO">POST Request : url=http://ninjachef-api-qaninja-io.umbler.net/sessions 
 path_url=/sessions 
 headers={'User-Agent': 'python-requests/2.24.0', 'Accept-Encoding': 'gzip, deflate', 'Accept': '*/*', 'Connection': 'keep-alive', 'Content-Type': 'application/json', 'Content-Length': '29'} 
 body={"email": "albert@teste.com"} 
 </msg>
<msg timestamp="20200803 20:41:07.894" level="INFO">POST Response : url=http://ninjachef-api-qaninja-io.umbler.net/sessions 
 status=200, reason=OK 
 body={"_id":"5f20ab8f42f1f60016038ec8","email":"albert@teste.com","__v":0} 
 </msg>
<msg timestamp="20200803 20:41:07.894" level="INFO">${resp} = &lt;Response [200]&gt;</msg>
<status status="PASS" starttime="20200803 20:41:07.614" endtime="20200803 20:41:07.894"></status>
</kw>
<kw name="Status Should Be" library="RequestsLibrary">
<doc>Fails if response status code is different than the expected.</doc>
<arguments>
<arg>200</arg>
<arg>${resp}</arg>
</arguments>
<status status="PASS" starttime="20200803 20:41:07.895" endtime="20200803 20:41:07.895"></status>
</kw>
<kw name="Convert To String" library="BuiltIn">
<doc>Converts the given item to a Unicode string.</doc>
<arguments>
<arg>${resp.json()['_id']}</arg>
</arguments>
<assign>
<var>${token}</var>
</assign>
<msg timestamp="20200803 20:41:07.896" level="INFO">${token} = 5f20ab8f42f1f60016038ec8</msg>
<status status="PASS" starttime="20200803 20:41:07.895" endtime="20200803 20:41:07.896"></status>
</kw>
<msg timestamp="20200803 20:41:07.896" level="INFO">${token_cozinheiro} = 5f20ab8f42f1f60016038ec8</msg>
<status status="PASS" starttime="20200803 20:41:07.611" endtime="20200803 20:41:07.896"></status>
</kw>
<kw name="Set Test Variable" library="BuiltIn">
<doc>Makes a variable available everywhere within the scope of the current test.</doc>
<arguments>
<arg>${token_cozinheiro}</arg>
</arguments>
<msg timestamp="20200803 20:41:07.897" level="INFO">${token_cozinheiro} = 5f20ab8f42f1f60016038ec8</msg>
<status status="PASS" starttime="20200803 20:41:07.896" endtime="20200803 20:41:07.897"></status>
</kw>
<status status="PASS" starttime="20200803 20:41:07.609" endtime="20200803 20:41:07.897"></status>
</kw>
<kw name="E &quot;cliente@teste.com.br&quot; é o email do meu cliente" library="kws">
<kw name="Set Test Variable" library="BuiltIn">
<doc>Makes a variable available everywhere within the scope of the current test.</doc>
<arguments>
<arg>${email_cliente}</arg>
</arguments>
<msg timestamp="20200803 20:41:07.899" level="INFO">${email_cliente} = cliente@teste.com.br</msg>
<status status="PASS" starttime="20200803 20:41:07.898" endtime="20200803 20:41:07.899"></status>
</kw>
<kw name="Get Api Login" library="helpers">
<arguments>
<arg>${email_cliente}</arg>
</arguments>
<assign>
<var>${token_cliente}</var>
</assign>
<kw name="Create Dictionary" library="BuiltIn">
<doc>Creates and returns a dictionary based on the given ``items``.</doc>
<arguments>
<arg>Content-Type=application/json</arg>
</arguments>
<assign>
<var>&amp;{headers}</var>
</assign>
<msg timestamp="20200803 20:41:07.900" level="INFO">&amp;{headers} = { Content-Type=application/json }</msg>
<status status="PASS" starttime="20200803 20:41:07.900" endtime="20200803 20:41:07.900"></status>
</kw>
<kw name="Create Dictionary" library="BuiltIn">
<doc>Creates and returns a dictionary based on the given ``items``.</doc>
<arguments>
<arg>email=${email_param}</arg>
</arguments>
<assign>
<var>&amp;{payload}</var>
</assign>
<msg timestamp="20200803 20:41:07.901" level="INFO">&amp;{payload} = { email=cliente@teste.com.br }</msg>
<status status="PASS" starttime="20200803 20:41:07.900" endtime="20200803 20:41:07.901"></status>
</kw>
<kw name="Create Session" library="RequestsLibrary">
<doc>Create Session: create a HTTP session to a server</doc>
<arguments>
<arg>api</arg>
<arg>${api_url}</arg>
</arguments>
<msg timestamp="20200803 20:41:07.901" level="INFO">Creating Session using : alias=api, url=http://ninjachef-api-qaninja-io.umbler.net, headers={},                     cookies={}, auth=None, timeout=None, proxies=None, verify=False,                     debug=0 </msg>
<status status="PASS" starttime="20200803 20:41:07.901" endtime="20200803 20:41:07.902"></status>
</kw>
<kw name="Post Request" library="RequestsLibrary">
<doc>Send a POST request on the session object found using the
given `alias`</doc>
<arguments>
<arg>api</arg>
<arg>/sessions</arg>
<arg>data=${payload}</arg>
<arg>headers=${headers}</arg>
</arguments>
<assign>
<var>${resp}</var>
</assign>
<msg timestamp="20200803 20:41:08.110" level="INFO">POST Request : url=http://ninjachef-api-qaninja-io.umbler.net/sessions 
 path_url=/sessions 
 headers={'User-Agent': 'python-requests/2.24.0', 'Accept-Encoding': 'gzip, deflate', 'Accept': '*/*', 'Connection': 'keep-alive', 'Content-Type': 'application/json', 'Content-Length': '33'} 
 body={"email": "cliente@teste.com.br"} 
 </msg>
<msg timestamp="20200803 20:41:08.110" level="INFO">POST Response : url=http://ninjachef-api-qaninja-io.umbler.net/sessions 
 status=200, reason=OK 
 body={"_id":"5f20ace842f1f60016038eca","email":"cliente@teste.com.br","__v":0} 
 </msg>
<msg timestamp="20200803 20:41:08.111" level="INFO">${resp} = &lt;Response [200]&gt;</msg>
<status status="PASS" starttime="20200803 20:41:07.902" endtime="20200803 20:41:08.111"></status>
</kw>
<kw name="Status Should Be" library="RequestsLibrary">
<doc>Fails if response status code is different than the expected.</doc>
<arguments>
<arg>200</arg>
<arg>${resp}</arg>
</arguments>
<status status="PASS" starttime="20200803 20:41:08.111" endtime="20200803 20:41:08.111"></status>
</kw>
<kw name="Convert To String" library="BuiltIn">
<doc>Converts the given item to a Unicode string.</doc>
<arguments>
<arg>${resp.json()['_id']}</arg>
</arguments>
<assign>
<var>${token}</var>
</assign>
<msg timestamp="20200803 20:41:08.112" level="INFO">${token} = 5f20ace842f1f60016038eca</msg>
<status status="PASS" starttime="20200803 20:41:08.112" endtime="20200803 20:41:08.112"></status>
</kw>
<msg timestamp="20200803 20:41:08.112" level="INFO">${token_cliente} = 5f20ace842f1f60016038eca</msg>
<status status="PASS" starttime="20200803 20:41:07.899" endtime="20200803 20:41:08.112"></status>
</kw>
<kw name="Set Test Variable" library="BuiltIn">
<doc>Makes a variable available everywhere within the scope of the current test.</doc>
<arguments>
<arg>${token_cliente}</arg>
</arguments>
<msg timestamp="20200803 20:41:08.113" level="INFO">${token_cliente} = 5f20ace842f1f60016038eca</msg>
<status status="PASS" starttime="20200803 20:41:08.113" endtime="20200803 20:41:08.113"></status>
</kw>
<status status="PASS" starttime="20200803 20:41:07.898" endtime="20200803 20:41:08.113"></status>
</kw>
<kw name="E que &quot;Lasanha delicia&quot; está cadastrado no meu dashboard" library="kws">
<kw name="Set Test Variable" library="BuiltIn">
<doc>Makes a variable available everywhere within the scope of the current test.</doc>
<arguments>
<arg>${produto}</arg>
</arguments>
<msg timestamp="20200803 20:41:08.115" level="INFO">${produto} = Lasanha delicia</msg>
<status status="PASS" starttime="20200803 20:41:08.115" endtime="20200803 20:41:08.115"></status>
</kw>
<kw name="Create Dictionary" library="BuiltIn">
<doc>Creates and returns a dictionary based on the given ``items``.</doc>
<arguments>
<arg>name=${produto}</arg>
<arg>plate=Tipo</arg>
<arg>price=15.00</arg>
</arguments>
<assign>
<var>&amp;{payload}</var>
</assign>
<msg timestamp="20200803 20:41:08.116" level="INFO">&amp;{payload} = { name=Lasanha delicia | plate=Tipo | price=15.00 }</msg>
<status status="PASS" starttime="20200803 20:41:08.115" endtime="20200803 20:41:08.116"></status>
</kw>
<kw name="Get Binary File" library="OperatingSystem">
<doc>Returns the contents of a specified file.</doc>
<arguments>
<arg>${EXECDIR}/resources/images/lasanha.jpg</arg>
</arguments>
<assign>
<var>${image_file}</var>
</assign>
<msg timestamp="20200803 20:41:08.117" level="INFO" html="yes">Getting file '&lt;a href="file://C:\qaninja\roboweek\ninjachef\web\resources\images\lasanha.jpg"&gt;C:\qaninja\roboweek\ninjachef\web\resources\images\lasanha.jpg&lt;/a&gt;'.</msg>
<msg timestamp="20200803 20:41:08.130" level="INFO">${image_file} = \xff\xd8\xff\xe0JFIF\x96\x96\xff\xdbC


\xff\xdbC		\xff\xc0...</msg>
<status status="PASS" starttime="20200803 20:41:08.116" endtime="20200803 20:41:08.131"></status>
</kw>
<kw name="Create Dictionary" library="BuiltIn">
<doc>Creates and returns a dictionary based on the given ``items``.</doc>
<arguments>
<arg>thumbnail=${image_file}</arg>
</arguments>
<assign>
<var>&amp;{files}</var>
</assign>
<msg timestamp="20200803 20:41:08.141" level="INFO">&amp;{files} = { thumbnail=\xff\xd8\xff\xe0JFIF\x96\x96\xff\xdbC


\xff\xdbC		...</msg>
<status status="PASS" starttime="20200803 20:41:08.131" endtime="20200803 20:41:08.141"></status>
</kw>
<kw name="Create Dictionary" library="BuiltIn">
<doc>Creates and returns a dictionary based on the given ``items``.</doc>
<arguments>
<arg>user_id=${token_cozinheiro}</arg>
</arguments>
<assign>
<var>&amp;{headers}</var>
</assign>
<msg timestamp="20200803 20:41:08.142" level="INFO">&amp;{headers} = { user_id=5f20ab8f42f1f60016038ec8 }</msg>
<status status="PASS" starttime="20200803 20:41:08.141" endtime="20200803 20:41:08.142"></status>
</kw>
<kw name="Create Session" library="RequestsLibrary">
<doc>Create Session: create a HTTP session to a server</doc>
<arguments>
<arg>api</arg>
<arg>${api_url}</arg>
</arguments>
<msg timestamp="20200803 20:41:08.142" level="INFO">Creating Session using : alias=api, url=http://ninjachef-api-qaninja-io.umbler.net, headers={},                     cookies={}, auth=None, timeout=None, proxies=None, verify=False,                     debug=0 </msg>
<status status="PASS" starttime="20200803 20:41:08.142" endtime="20200803 20:41:08.143"></status>
</kw>
<kw name="Post Request" library="RequestsLibrary">
<doc>Send a POST request on the session object found using the
given `alias`</doc>
<arguments>
<arg>api</arg>
<arg>/products</arg>
<arg>files=${files}</arg>
<arg>data=${payload}</arg>
<arg>headers=${headers}</arg>
</arguments>
<assign>
<var>${resp}</var>
</assign>
<msg timestamp="20200803 20:41:08.746" level="INFO">POST Request : url=http://ninjachef-api-qaninja-io.umbler.net/products 
 path_url=/products 
 headers={'User-Agent': 'python-requests/2.24.0', 'Accept-Encoding': 'gzip, deflate', 'Accept': '*/*', 'Connection': 'keep-alive', 'user_id': '5f20ab8f42f1f60016038ec8', 'Content-Length': '30276', 'Content-Type': 'multipart/form-data; boundary=2fd3a975a1d13f9dc691d6729e388cd2'} 
 body=b'--2fd3a975a1d13f9dc691d6729e388cd2\r\nContent-Disposition: form-data; name="name"\r\n\r\nLasanha delicia\r\n--2fd3a975a1d13f9dc691d6729e388cd2\r\nContent-Disposition: form-data; name="plate"\r\n\r\nTipo\r\n--2fd3a975a1d13f9dc691d6729e388cd2\r\nContent-Disposition: form-data; name="price"\r\n\r\n15.00\r\n--2fd3a975a1d13f9dc691d6729e388cd2\r\nContent-Disposition: form-data; name="thumbnail"; filename="thumbnail"\r\n\r\n\xff\xd8\xff\xe0\x00\x10JFIF\x00\x01\x01\x00\x00\x96\x00\x96\x00\x00\xff\xdb\x00C\x00\x03\x02\x02\x03\x02\x02\x03\x03\x03\x03\x04\x03\x03\x04\x05\x08\x05\x05\x04\x04\x05\n\x07\x07\x06\x08\x0c\n\x0c\x0c\x0b\n\x0b\x0b\r\x0e\x12\x10\r\x0e\x11\x0e\x0b\x0b\x10\x16\x10\x11\x13\x14\x15\x15\x15\x0c\x0f\x17\x18\x16\x14\x18\x12\x14\x15\x14\xff\xdb\x00C\x01\x03\x04\x04\x05\x04\x05\t\x05\x05\t\x14\r\x0b\r\x14\x14\x14\x14\x14\x14\x14\x14\x14\x14\x14\x14\x14\x14\x14\x14\x14\x14\x14\x14\x14\x14\x14\x14\x14\x14\x14\x14\x14\x14\x14\x14\x14\x14\x14\x14\x14\x14\x14\x14\x14\x14\x14\x14\x14\x14\x14\x14\x14\x14\xff\xc0\x00\x11\x08\x01\x00\x01\x00\x03\x01\x11\x00\x02\x11\x01\x03\x11\x01\xff\xc4\x00\x1d\x00\x00\x02\x02\x03\x01\x01\x01\x00\x00\x00\x00\x00\x00\x00\x00\x00\x06\x07\x04\x05\x02\x03\x08\x01\x00\t\xff\xc4\x00D\x10\x00\x01\x03\x03\x03\x02\x04\x04\x04\x03\x06\x06\x00\x05\x05\x00\x01\x02\x03\x04\x00\x05\x11\x06\x12!\x071\x13AQa\x08\x14"q#2\x81\x91\x15B\xa1\x163R\xb1\xc1\xd1\x17$Cb\xe1\xf0\x18Sr\x92\xf1%4\x82\xa2\xb2\xff\xc4\x00\x1c\x01\x00\x02\x03\x01\x01\x01\x01\x00\x00\x00\x00\x00\x00\x00\x00\x00\x04\x05\x02\x03\x06\x01\x00\x07\x08\xff\xc4\x007\x11\x00\x02\x02\x02\x02\x02\x01\x03\x03\x03\x04\x00\x05\x04\x03\x00\x01\x02\x00\x03\x04\x11\x12!\x051\x13\x06"A\x14Qa2q\x81\x15#B\x913\xa1\xb1\xc1\xd1\x07$\xe1\xf0\x164C\xff\xda\x00\x0c\x03\x01\x00\x02\x11\x03\x11\x00?\x00l\xcfR\x00P\xc0\xaf\x94d]\xc4K\x1b$\xcaG\xd4\xda\x0f$Vv\xfc\x9d\x02b\xeb\xae;\x9a\xa2\\\x11\x1eG|g\xce\xb3\x1f\xadU\xb4\xeeRl&amp;^[5\n\x19\x98\x8c\xa8w\xf5\xad\x0e\x06J\xb5\xa1\xa5a\xcf\xe69t\x84\xe4\xcbi\x0b\' \x8e+\xecxN\n\x02%\xea\xdb\x8c(n\xa07\xe4)\xea\xb7\xdb/\r!\\\xe56\xd8$\x91\x8fz\xad\x9eV\xcd(\x17z\x8c\x1d\xc6\xf4\xe7\xefB\x9b\x94\x9dr\x91\xe769td\xb6p\xa0j\x8bm^0\xea\x1b\x93J\x0b\x8c\xa6\xa4%]\x8d$\xbb\x8b)\x9a\xbcV\xe2`\xcb\x93\x13\x1dG\x1c\x80i2\x9e\x06h\x91\x85\x83S!\xac\x9b\x86\x00&amp;\x98&amp;`A\xdc\x87\xe8\xbeN\x84\xd7#\xa91\xc26\x83\x92}*6yTQ\xa9u~ \x92$\x14_\xde\xb9\xac\x14\x02\x06i\x1d\xb9\xa6\xc3\xd4c\xfaD\xa4h\x99o\x19\xc7P\x8c\x95d\xfa\xd4\x06C\xea\x03`Re\x16\xa5\x9c\xe7\x86r\xae1Kr\xedv\x11\x86\x18@`}\x83T.\xdfr(\xc9\xc1U[\xe22\xcd/\xc5\xa3L\xfcd\xb6\xaeQ\xdd\xa6uW\x8a\xd2\x0e\xee\xe3\xd6\xbe\xa9\x8b\x94\xac\'\xc83\xb1\xd9X\xc3X\xda\x8d)H%_\xd6\x98\x8b\x96"56\xe4\xb8\xda\x95\xb59\x8d\xe3?z\xbcX\xa6@\xa3\x0e\xa5\xd4k\xe3j\x03\xea\xfd\x8dY\xf6\x99\xe0\x18K\x16\xe6"B;\xd7\xb4?\x13\xc7\x7f\x99\x1aTd\xba*C\xdc\x81\xf5\x06/\x164&lt;\x93\xf4\x8f\xda\xad\x10fX\xaa\xd6\xda\x01\xa9\xcd8\x0b`\x93\xedW\xabE\x97\xd3\xcas\xee\xaa\xd2Rt\xfb\xab!\x04\xb5\x9f\xda\xa0\xc2(*\xc9\x03\x1d&gt;3\xb8\xce=hc\xeeZ\xb6lMR\xd5\xf2\xe8\xc6*\x96:\x97\x83 \xa6Au[@\xc7\xadV\x0e\xe4\x18\xeed\x94%\n88\xab\x96PN\xa7\x8eMq\x07\r\xac\xfe\x95\xd26$K\xeb\xb9\xaf\xe6]Z\x86\xe5*\xbc*\xdfr\x83~\xa3\xee\xe8\xfa[iDw\xc7z\xf8fQ$u7\x05\xb7\x00\xeeW\xc0\xca\xd5\xb8\xf6\xf7\xac\x86U\x84mD\xa8\xa9&gt;\xe5\x1c\x8dP\xda{\xaf\x9f\xbd#\xfd3;r\xd4\xe8I\xa6&amp;\xa7R\xe5\'\x0e~S\xebZL*\x19\x18\x19\xc3\\qh\xae\xa4*\x1bhA9\x18\xf5\xaf\xa7ag|J\x01\x95\xe8\x8fQ\x9d\x13\xa9\xc8\x11\xf78\xe8F\x07\xadh\xbf\xd4\x90\x0e\xcc\xb0\x16\x10cQ\xf5m\x97\x10\xa4\xa1\xdc\x9fcH3&lt;\xcf\xb5I\x1d3E\xea\xfa\x84\xfbs\x0b\xa1\xcd\xc3\xff\x00\xaa\x90\xd5\x9fa}\xc9\x8a\x8c\xb8\x85\xd5d\xaf\tq\xcf\xd34\xe7\xf5\xfc\x97\xb9uLk\xf7/akff\xa98X\x01^\xf5G\xeb9u\x1e\xd3\x96\xbf\xbc\xbbi\xe6e\x0c\xf0s\\\xe4\xac#\x8a\xb2\xc7\xe0\xc8\xd3\xad1\x9fh\xf0\x01\xcf\x95R\xeb\xb1\xd4uFk\x83\xb1+\x9b\xb30\xca\x86\x10?Q@\x1cpOp\xf3\xe4\x1f\xf2e\x946\xdbiX\x1c}\xab\xabX\x06\x02\xf9\xbc\x8c\xbdeM\x86\xff\x00\xf3D\xaaJ&gt;}\xc1}P\xfa\x16\xda\x92\x90\t\xc7\x95Qe{\x8c\xb1\x9f\x8fd\xc5l\x84\xad\xb9\xa5c\x85f\x96\xad%_\x94\xd06Hd\xe3\rt\xfe\xa0\x91\x1d\xa4\x83\x92&gt;\xf4\xf2\x9c\xf6\xab\xf33YX\x82\xd3\xd4\xbf{[&lt;\xd3|\x13\xfb\xd1\x87\xcc\x11\x01_\x10\x1c\xea\x0f\xbf\xd5YP%\x82xG\x9f5:\xfc\xee\x9bF0_\xa6\xcd\x8b\xd7\xb8w\xa4:\x9en\xee%!\xc0\x7fZ\xd7\xe2g\x8b\xc4\xcf\xe6xg\xc6\xf6#\x8a\xc9y\x0f2\x93\xbb\x9cS\xd0\xdb\x99{k\xe3\x08X\x9a\x1c\x1c\x9a\xb8@\x18h\xcc\xddB]MKr\x1a\x94\x97+J_J\xb23V\x03*e\x8b\x8d_\xa1\x9a\x9c\xc3\xa9S`\xee\x07\xb8\xab\x03o\xdc[u;\x9c\xd5\xaf:}#O\xca[\xec\xb6T\xcfs\x81\xda\xa0Wgq-\x95\xb5D\x98\xbd\x90\xb2\xf1\xc18\xe7\xb1\xaaZ\xbd\xca\x86G]\xcdIe-\xa8\x92j\xa1\\\xe1\xbfs\xe45\xe2\x83\xdf&amp;\xa5\xc0\xc8|\xa2on*[I\xfay\xc7z\xb9k?\x99E\xb6\xcf\x9b\x8e\x14\x95\x1d\xa7"\x8a\x08u\x17=\xb1\xa7{\xb8%\xb8\xca%@`W\xe7\x1b\xed\x1cg\xd3\xba_q)\xabu0in\x04/\'\xefY\xe4\xa0\xdda&amp;X\t0\x19Z\x9c\xad\xcc\x973Oj\xc3\xdf\xe2\\\x04\xb5\xb4\xde\xceB\xb2qL\xd6\x9e\x1dIq\xeb\xb8Y\x0fW\x88\xad\xe7\xc4)#\xca\x89^\xbdK+\xab\x94\x81/\xab\xcf%\xf2\xd1Z\xb6\xfd\xea\xc2\x8d`\xd4d\x98$\x8d\xcf\xbf\xe2*e#\x87~\xa3\xebC\x1cMK\x0e\x19\x03Z\x9a\x7f\xb4\x8f+\x07r\x94\x0f\xbd\x15V0\x12\xc5\xc1\xd8\x92c^\xc89\x0e\x11\xc6y5cT8\xc0r0\x9d\x7f\x12\xee\xd3\xac\xd4\x85 \xa5\xcf\xcay\xc9\xa0\n\x91\x11\xba5f4\xb4\xde\xbcmL\xa4\xad\xe0\x08\xf7\xaes(;0\xbal \x8e\xe1\x8cMP\xc3\xc8\xdc\\O\xefV-\xc3]\xcd5V\xecw=\x95\xa9\xe26\xd9%\xd1\x91\xef]k\x94\x0e\xa4\x9e\xe2\x07R\x91:\xe1\xb2\xf1J\x08V\r\x0b\xf2\xf7\x01\\\xb1\xcb\xb3/\xa1\xea5Kha]\xfc\x81\xa3\xebnQ\xadY(\x7f2\xbe\xe3pm\xe9\xa6(t\x17\xc2w\xa9\x1ex\xab\xc8\x02X\x9eI\x0bp\x94S\x1aJ\xa4% \r\xc4\xd0\xb6\x00\x04wE\xe5\xfd\xc6\x16\x9f\xe9\xdb\xd2m?4\xa7p\x9cgh\x14E&gt;9\xec^QnW\x9b\xab\x1d\xf8\xca}En\x8fo\xb78w}i\xcf&amp;\xab\xca\xc3Z\xab\xe4}\xca|_\x9dl\xcc\xc0\x8a:\xfc\xc4\xad\xeab\xa5\xbd\xb3$n5\x906\xfd\xfcu&gt;\xdf\x8aQW\x94`t\xce\t\x88[!g\x9ek\xe8\x9e(\xe8\x031^k!\x1fcS\xa14\xe4\xdd\x88NU\xfdk\xe8\x14\xb6\xc4\xf9\x1eS\r\x9dB\xe8\xf7t\xb6\x91\x95sG\x03\x141\xd9\x96\x10\xef)uC\x9a\x94\x8e\xa5\xe3\x1bd\xa0v\xae\x03\xa9\xddnF\x9dhK\xc9?N\x7fJ\xb1L\xa5\x96/5v\x84j\xe0\xc3\x89S@\xe4v"\xad\r\x17]O!9\x8b\xa9\x9d%\x93l}\xc90Q\xc09)\x02\xae\x00\x112\xf9x\xec\xa7\x92\xc59i\xe4:\xa4:\x92\x95\xa7\xb85\xde\x11\x18\xb5\x81\xeem\x8a\xf9K\x9f\x96\xbc\x12H\xdd\xa9&lt;\x1f\x13\xea#\x8a\xb0.\xa4\x1a\xd0}\xcc~e,\x1c\xf9y\x8a%\x14\x18\x05\xb6\x81\xf9\x9bu\xa6\xa0p\xb6\xb6\xdbW\x1edW\xe4g\xb1\xacmO\xb0/~\xe2\x1bU^\\K\x8b\xdcOz\xd0\xe1\xd0\x08\x10\xd4\x03P8\\\x96\xe3\x9c(\x81O\xd6\x9dI\x8dn\x1a\xe9\x99%\xd6\x12\x14\xa2N+\x8c\x9a\x961\xfd\xe5\xdf\xe2)\\\x02G\xa5\r\xc7\xb8u\'Z\x83\xb7\x1bd\x87\xe4e\t#\x9a=\x1c\x015\x98\xb4\x97\x02\\Z4\xab\xe5)R\xb7f\xaa{\x94M%^?\x96\xba\x84i\x84\xa8l~"I\x02\x86\xfdb\xaf\xb8\xde\xaf\r\xf9\xd4\xa5\x9duRJ\x92\xdf\xd2&lt;\xc9\xa2\x13!m\x1a\x11.\x7f\x8d\xe06dvn\x0e\x03\xf4\xe7&gt;\xd5\x16I\xf2\xcf#P\xad\x8c\xb6ft\xf4\x84\xa8-i\x1e\xc6\x93e\xd6\xc3\xd4D\xaf\xc4\xc3;\r\xeaY\t\x05\xe5\xfd\xb3J\x92\xc3\xe8\xc7\xb4\xe6\x05\x1a0\xaa9rBr\xa5\xa9C\xdc\xd1\xa8KH\xe4f\xae\xb52Kka[\x93\xc54\xaa\x8e^\xe6f\xcb\xd8\xb7R\xde\xcdw}\xa7\x82R\t\x03\xca\x8c\n\x13\xdc"\xbc\xc2\x83\xdc\xd5g\xb9-:\xbet\xe9\xa4\xb0\xd1kbw\xf1\xe7K\x1b \x1bxA\xe9\xcaj\xec/\x1b\xfag\xa7Oj[\x13\x97b\xea[I\x1b\x9aH\xeeG\xad;\x18\xa6\xeaM\x82h\xf0\xbc\xcb\xf2\xd3B\xed)\xa9\xbf\x87Y^\x8b0\x84%\xb1\xb7\'\xce\xaa\xc5\xf2_\x15EZW\xe4+\x16?\xc8?1W\xd4\x0b\xecf\xdaqm\x82\xf19#\x9e\xc2\x95\xbeKd\x9f\xb7\xd4\xaf\x07%p\t+\xee\'\x06\xa1E\xd2^K%(\n\xc6k\x8b\x8a\x8f\xf7jiq~\xab\xba\xb6\xe3o\xa8\x7f\xa4omEq\x1b]\xca)\xd6-\x82\xa2\x04\xbf/\xcb.B\xf2\x067-:\xb9\x96\xd9I\xf1\x07\x02\xb6\x94e.\xb71\xf6\xdf\xcc\xcd\xeb\xd7!\xc76\xa5\x7f\xd6\x8f\\\xb5\x9eC\xb8]\xa6/J\x96S\x85\x7fZ5,\x0e7.\xea5,\xae\x95 s\x9a\xb4\x1d\xca\x8fP\x85\xb4\x05\xa7\x07\x9a\xf6\xf5${\x91gZ\xd2\xe8?MMZV\xc8\x08\x80z\xa3F\xb75\xb5\x856\x0eA\xab\x83E\xd7S\xc8\x1e\xa79u?\xa3\xe4\x87dDkk\xbd\xf8\x14eo\xfb\xccvo\x8ea\xf7,F\xb9jz\xdf%MHl\xa5i&gt;tP\xd4\xc9\xbe\xd0\xf1i:\x0b_1\xf8i\x035j\xa8&amp;\tm\x84\x0e\xa5\xba4\xa0q?P\xe0\xf7\xa2\xd4\x01\x16\xb33E\xdd\xd0*PQ\xc95\xf8\xee\x85\xd7\xf5O\xd0\x95\xa9c\xa1\x14:\xd2\x12\x9c\x93\xb4\x0csZ\x9cV\xe2#\xcap\xecq\xd0\x90,\xbaQR\x0eT\x08\x14\xd5\xac\xd0\x87\xd7\xe3\x9f\xd9\x86\xd6}4\xa8\xe5)B\x0f\xde\x836\x18Q\xf1\xac\xc3\xa1\x0e-\xfaX\x96\xd0J&gt;\xa3\xedT\x9bG\xe6]\x8d\xe3l\r\xf7KV4Z\x08\xdc\xb6\xc6~\xd5C\xe4\x00&amp;\xfb\x03\x0f\x8e\xba\x96\x91\xec,\xc7k\x94\x8c\x8aQvA\'\xa37\xb8\xf8\x83C\xa8?\xa8\xc3,4\xa0\x00\xfd(!o#\xa34\x15a\x80"\xee\\\x7f\x11\xc5\x10&lt;\xe9\xd6\x13\x1d\xeab\xfc\xea\xaa\xa9\xfe$\xfbU\xa0\xba\xa4\x1d\xbf\xadj+\x1c\x84\xfc\xf3\xe5\x9b\x93\x90!\x8c;c\th$\xe1G\x15E\xc8\x18\x111\xccN\xe4\xb8Q\x9ai\xf4\xed\xc0\x19\xac\xdd\x94\x85y!i\x85\xd0\xd4\xca[\x1fP\xa3\xe9A X\xb1\xd9\x99;9\xa8\xce\xb6\xa2\x90\xe0\x07\xf2\xfa\xd3\xba\x88\x12\x82e\x93\x17]\xd3P\xb4\xdb\x96\x84\x9f$\xa7\xb5\x1bcT\xc3@w;\xc4\x11\xb3.\xb5\xfd\xb2,\xed\x1d\xe2\xb4\xd6dn\xc8)\x18=\xab:\xc9\xc6\xf3\xb1-p\xa2\xb0\xe2\x11\xf4\xf3\xa8\xb2\xac\xf6\x0806\x14\x0f\x0fj\xfcS\x8cP\xc9\x9du[\xacoP\xcalE\x1b\x90\xae7\xe92\xeeNE8R\x17\x93\xf4\x1c\xd5Ub=\x84\x96\xf5\'vg\xe2\n\xeb\x1b\x05\xf1\x98\xa8R\xa28\x96\x9ePBU\x8f**\xa5lw\xe2\x07P\'W`\x1c\t!\xcd\x06\xdd\xbbK*Ii\t!\x19$\x8asbq\xa8\x99\xee`\x0f\xba*\x15:m\xa1\x0e&gt;\xa5%\xb6\xd2\xac%;\xb9&lt;\xfaVy\x96\xdf\xeb\x84\x0b\xf6\xba\x12\xda\xd3\xac\xe6\xc8\xda\x13\xe2(U\xb5d\xde:\x9dR!\x95\x96\xe9p\x90\xe2O\x84\xe1\xe7\xbe)\xdd\x17\xdaH\xdc1\x1c\x08\xf5\xe9\xf1\x90\xe7\x86T\x85\x0e\xdd\xc5m0\x9d\x88\x1b\x10\x80\xd1\xe9`\xdd\xb1\x1b\xb84\xf8\x19\xd3\xdc+\x8c\xac\x11R#rr^\x12G\xb5C\xd4\xf4\x852"\x1dI\xe0\x1a\x96\xe4Xl@\x9dGae\xe6\xd7\x94\x03\x91\xe9V\xab\x91\x01\xb6\xb0\xc3FsoWt,o\x05\xd7ZHK\xa3$\x11\xc5\x1e\xb6hw1\x99\xf8\n{\x02#t\xea\xd5\x1e\xe8\xa6\x9d\xfc\xc0\xe2\x8aKD\xc7[\x88\xe0\xea0]\xdc\x96R\x13\xc7\xda\x896\x00 \x7f\xa5r}E\xb0\xd3\xeb\xf0\x15\x90I\xc7|W\xe4\xe0\x9f\xbc\xfdy\x8b\xe14\xde\xa0d\xdd\x13\xf3s\x8a\x96\x9c\xe0\xd1c V4&amp;\xdb\x1f\xc3hw.m\x9a5\xb6\x02~\x8a\x8bf\x93\x19/\x89\xd7Z\x84\x90l-2A\xdb\xda\x869\x86\x10&lt;N\xff\x00\x12\xfe;l6\x81\x90\x06*\xb3\x92\xc7\xdc.\xbf\x11\xc4\xefR&lt;\xdb\xa3,\xa0\x80ET\xd63G\xf8\xde?\x89\x1dA{\x9e\xa4\x08\x04%UO\x12L\xd3U\x8e\xab\xa8\x05}\xbd\x97\xdd\xda\x15\x9c\xd1uS\xde\xe5\xd7:\xd4\x9b\xdc\x9di\xb3\xa6dd\xa8\x8c\x93O\xb1\xab\xe2\xbb\x9f\x15\xf3\xd9\x86\xc2\xc0\x19l!\x0b[\n$v\xa6\xf4X=\x19\xf1\x1c\xf0Y\xf7*\x7f\xb4M2\xe1\xfa\xa8\xe6PWs8\xf57\xed4\xabT\xa7\xc5\xfaU\xcd$\xba\xbe\xe5\x1c\x08\x93\xd9\xd5\x8bi\x03\xea9\xa9T\xa4~\'5\xa9\x94-M:e\xd6?\x82\xca\xdd\xda\xb0\xacm$w\xa3\x035dhJYA\x9d\ti\xbc\xb6\xb6a;.\x19in\x10\x87\x06\xde\xde\xf4&gt;nQ\xafZ^\xe4*\'\xe5\n\xde\xa15\xe1\x9bhJ\x9b\x86\x9f\x9d|\xa7\xe8c&lt;\x13ER\xea\xec9ta\xf9n\xac\xc2\xbaGQ;,\xdd\xee\xb7\x07\xe2\xdd`?l|d\xb2Rp\xde\x07\xa1\x15^}\x17\x82\xafY\x1a\xfc\xc1&gt;\x1e\x0b\xb3 \xdb\xa7^l\x93R\x98\xee|\xcc\xc58\x90\x86\xd5\xc9 \x1e\xd5\xd6gJF\xbd\xc1\x97\xb6\x8e\xadf\xfd\xebRh\xbbr\x9cZm\xd2\x1a;\x9dI\xc7\x07\xefH&lt;\x9d\xb7.\xb8{\x9a?\x88\xbd\x03\xb8\xbf\xbfI\xbeO\x8f\x02\xd2\xfc\xa4\x14\xbcB\x12\xfax@\xf7&gt;\xb5\xdc?\xd4f\xba\xd2\xe6%\xb2\x90\xa7[\x97\xd0z\x1dm\x8d.;\x13?\xe6\x96\xe27\x07\x1c\xe7q\xf3\xaf\xa8\xd3\xe3*\xadB\xb0\xdc%i\x0b\xd1\x86\xb6N\x98\xd9\x18!\x0c\xb6\xc2\x94\x9e\xe0\x10H\xa3?C\x8e\x0f\xda\xb0\x95\xa8\x1e\xb7\x0b\xe2h\xa8q\xd262\x84\xfd\x93S\xfd%k\xff\x00\x19r\xd4!-\x9a\x1b0\x08\x01)N(\xba\xd4 \xd0\x97*\xc3(\x17$6\x13\x82\x05\x14$\xe5\xbbw\xc4 r\xbc\xd4\xf7;\xb3=sQ\xb4\xd2\n\x8a\xf0\x00\xceI\xaeu"[]\xcah=E\xb6\xdd\x9c}1%!\xe2\xca\x8aW\xb4\xe7\x07\xd2\xb8\x08oS\xab`q\xd4\x87w\xd4\x8c-\xa5~ \xed\xebR\xf59\xad\x9e\xe2\x07\xaaz\x9d\x84\xb4\xeaw\x83\xfa\xd4Z\xe0\x04\x1d\xf1\xbeC\xeas,\xeb\xeaQu[\x8d\x10\x08=\xc5/9e[\xa3)o\x0c,\x1e\xa1\xb5\x9b[3.:[\x7f\x01i\x1d\xfdh\x8f\xf5\x0e\xbd\xc5\xc7\xc0\x10v%\xbc\x86\x9aK[F\x05~t$\xfeg\xec\x9ap\x107\xa9N\xecvRI g\xd4\xd5M\xb34\x15\xe2\x8dkR+\xd2\x99dpE@+\x18\xc50\xc7\xed =yB?\x9b\xf4\x15?\x80\x93\x0c\\5\xfc\x89\x05\xfb\xeb\xeed2\xdb\x8b\xcf\xa2I\xa2\x13\x15\x8f\xa1&amp;\xd5SX\xdb\x11+dF\xbc\xdc3\xe1A\x90\xbf\xff\x00\x81\x14\xc2\xbf\x1b{\xfaS\x15]\x9d\x89G\xb7\x12\x0b\xfa\x07TO\x1f\x87oq#\xfe\xee)\x9d~"\xf3\xecE\xcd\xf5\x0e\x1au\xc8M\x11\xba\x17\xabg\xbe\x95\x18\xc9G=\xd4i\xd5\x1e\x12\xc3\xeed\xb3\xfe\xa8\xc7\xe2TF\xe6\x91\xe8=\xe6&lt;f\xc4\x85$\x1cs\x81L\x97\xc3X\xa3[\x9f(\xf2^b\xbb\x98\xe8B;\x87\xc3\xeb\xf3\x98)S\xcaNG8\x14]&gt;\x17\xbe\xcc\xc3\xe4\\_\xd0\x941\xfe\x13\xa3-d\xbc\xeb\xab?\xfdT\xe5&lt;Uj;\x8b[\x9bz\x9b4\xe7B\xf4\xabWsk\x92\x94\x99\xe0\x9d\xa0\x93\x85~\xfet*\xe2\xe3\x17\xe2\xc2\t\xbd\x9e,{\x8cx\x7f\x0f\xf6X\xc0\x01\x05\xb2\x07\xa8\xa6K\x81B\x9d\x05\x97\xfe\x9f\xf7\x9b\xae\x1d\x16\xb1AdM\x08\\i-\x0c#\xc3;F~\xd5\x0b\xf0j\x03bB\xca8\x89W\r\xf5\xc0h7ty\xb7\x9a#\x08uI\xfc\xbe\\\xd6N\xe5\xab\xe5\x0bi\x00A\x1a\xb6a\xa0&amp;}d\xbb\xc7\xb4t\xe1\xa7\xb4\xfb\xb1\xe4\xdc\x9b)$1\x8d\xe4y\xf0+\x9eJ\x8a\xed\xc7\x06\x93\xd8\xfd\xa3&amp;\xaf\x90\x00\t\xcc\x96\xde\xaa_\xf5-\xcd0\xe5GPP\xe1.\x01\x82\x9f\xbdd\x08~:\xe6L+\xf4\xe3\x84m\xe8Kl8WV\xa4\xdd\x12\xfb\xf2\xb1\xbd+\xc1\x00c\xd2\x85\xc7\\\xaf\x93V\x7fL\x1b\x85z\xda\xca\xfdy\xaae\xeb\xdb\xca-v\xeb\x83\x90\xe0\xa5\xc2\x85\x0f\xcaI\xf4\xa3\xedE~\xd8\xf7=Y\xf9\xac\x08N\x84\xf7UZ\x06\x9a\xb1Z#\\\xa6\xac!\xa0T\xb7\x94H=\xf8\xae\xe3X\xa8\xfd\x1d\x19\x1b\xa8`\xfaQ\xb9o\x07\xacQu"\xe0B\x81wi&amp;2\x83aK\x1b7\x0e\xc7\x04\xf7\xad@\xcc\xc8\xb0\xaa\xfc\x9dH\xb7\xf5\x01`\xd4#V\x94\xbd\xb5zn|;\x8bQ\xa3!ak\x0c\xba\x01r\x9e\xa5w\xa8\x0e\xad\xdc&gt;\xac5c\xb4=\xc6\xa4.\xa2@\x08CO0\xef\x88\x91\x82F\x0e}\xe8\x86\xcd5\x8f\xbcn2\\\x0bOBd\xf7Qm\xa5D \xa9\nO\xf8\x85O\x1f\xc8Ua\xee\\\xde:\xfa\xc6\xf55\x0e\xa3\xb6\xb0\xaf\tD\x81\xe7L\xd7%O\xa3\x17\xdbY\xab\xa6\x1a\x91Y\xeaR\xe4Km\x90\xa3\x85+\x04\xe6\xa1fHE\xf7\x07$\x14\xd82\x06\xb0\xd7\xf2\xd8jTV\xbcO\x15\xe4mo\x06\x90]\xe4\x08:\xdc\x04m\x86\xe2\xe3J\xea9\xfa\x12\xd8\xfa\x1f\n%\xe5\x95\x95\x93\xdc\x9a?\x17 \x95\xec\xc2\xf1+\r\xd6\xe5u\xfb\xad\xb2\xd2\x14\x02\xcar=h\xa6\xbc\xc7K\x8e7\x14\xba\xab\xa8\x92\xaf.\xa8)\xd2s\xe8iu\xb7\x13\x18&amp;2\x883\x19~:\x89Q\xe4\xd0\x0c\xe4\xfea\x8bZ\x8f\xc4\xbd\x84\xd8JA\n?\xbdG\x9bKEh{\xd4\xe9Q\xd1;\x9b\xfc9\'o\xd8Vm~\x9b\xb3\xfeS\xeb/\xf5f2\xff\x00H\x92\x98\xf8}.\xf3"K\x8a\xfb\x1cQ\x89\xf4\xca\x7f\xc8\xca\x1b\xebR\xa3\xecYg\x1b\xe1\xea\xd4\x83\x97\x10\xa7=w(\xd3\x14\xfav\x85\xf7\x17[\xf5\xbd\xed\xfd=K\x88\x9d\x0e\xb1F\xc1\xf9&amp;\xd5\xf7\x14\xc6\xbf\r\x8e\x9d\x01\xb8\xa2\xef\xab\xb2\xdf\xfeZ\x97Q\xba]h\x8c\x06\xd8m\'\x1f\xf6\xd1\xcb\xe3\xe8OK\x10\xdf\xf5\x0ee\xbe\xec2\xc1\xbd\x0f\x01\x94\xfd,6\x07\xb2E\x1a\xb8\xe8\xa3\xa5\x88\xec\xf2W\xd8{y\x97\xf6V*O\xf7H\xfd\xab\xa6\xb0?\x10s\x97a\xf6\xd3kV\x08\xcd\xa8a\x03\xf6\xabP\x01\x05{K{2\xc5\x88\x0c\xb6\x9c\x00\x05[\xc2\x04\xed\xcanS,\xa4s\x8a\xe8\x1a\x94\x11\xb9\x1dM\xb0\x0ex\x150\xde\xe7\x82j(z\x87\x15:wT\xb5x\x8e\x12\xa6\xdcNN9;\x87\xa5e\xf3\xac\x18\x96\x0b[\xd4Q\x97W\x06\x0c!\xeb\xda\xa5\xa9\xfad\xca\x80\xfa&gt;e\xd675\x93\xfc\xd8\xff\x00zs\xfa\x95\xba\x9f\x91?1\x98\xad\x9e\x92\xc3\xdcXi\xbdU|\xb9\xea\xc1e\xbc\xb8\\\x8c\x88\xeay\xd4\xa9\xbc\x94\x93\xc2p\xae\xfd\xe8\n\xf26\n\xd8b\xdc~e\x8a\xd8f7\xed)t\xbb|\xc4u\xbe\xd4XK^R\xa3\xdc\x0f\xb7z\xc3\xf9N\rx\xe4~\xd8mu\xfd\xdb#\xa9i\xa4t\xd6\x9e\xd3v\xfd\x8f\xb8\xdc\xc7\x94&gt;\xa5\xb8\x92\xa1\xfaS\x84\xf2X\x18\xa8\x01\xee:\xab\x1a\xe7\x1f\xed.\xe5\n\xb4\xc6\x92\xb6\\fI\x8e\x10&amp;:w\x8c7\xc0M*\x7f!\x8cA\xb5\x13\xa9]\x95\xb5-\xf0\x1a\xfb2\x0b\x1a\xb6\xc8\xea\x95"\xe1)\xb8\xe5\xb2P\xd3\x05=\x93\xebJs\xfc\xc5v\x10j]F\xf8\x1e\x0f!C\x0b\xaa\xf7\x16\x97v\xb4\xdc-B\xab\x98\xbb\xa45\x9d\xc1\t\x07;\xa9[\xe6\xd6\xe7b\xbd\xb1\x95\xd7\xf4\xfd\x95\xdb\xc8\xd7\xd4\xba\xea&amp;\xa3\xd3z\xdbC\xb0\xe3\xd2\x9dG\x80\x9d\x9e8A!DS\\D\xae\xe6\xdd\x83M\xfbJ\xec\xf9&lt;]\xc7\x9d}D}\x82\x03\x13\x9e`C\x93\x18\x96\xd7\xc0Y\xda\xb3\xefF]\xbe\\u\xadz\x97S\x8e\x9eE\xfeK\xc6\x963\xf5\nn\xf6K4eB\xb9(\xbb!\'-\x85e \xe3\xca\x88\xfdm\x98\xd5i\x8e\xe1&gt;%\xa8\xfd]\x95\x01\xf6\x03\xee\x0c\xd8u\x06\xb0\x8a\x9cIa\xf5o$\x05\xe74\xa2\xcb2r\x8e\x95\xba\x9fF\xae\xdc\x1a\xbb:\x10\xde\xc9\xa9\xe5E\x86\xb6\xee\x0c\xbb\xe3\xf9/\x19\xcd\\pr\xa8P\xe1\xa4\x133\x17!\xb8\x06\x10\xba\xc7\xaa`=\xa7\xe5%\xf7&lt;5\x10~\xac\xe0\xd4\x13\xc9\xdfCi\xa2/\'\xe1\xa8\xcb\xfb\x81\xd4\xa4\xd3\xf7\xe9/\\\xa3\xb5\x11eqP\xe0*q]\xc0\xa7K\x99fQ\xea|\xe73\xc5\xd9\x8691\xea\x13u/T\x17\x1e\x8a\xa8/2\x16\x81\x82I\xf3\xa9\xbdN\xc7F,\xc7"\xc3\xa1\x06Q\xac\x13:\x13\xcc\\V\xd1[i\xceS\xe7]\xb1\xed\xc6\xfb\xb7\x1b\nV\x81\xbf\xccM]\xae\x8f\xea\x0b\xa4\x86XJP\xda\t\x01D\xf1DW\xe4\x0b{\x9e\xa2\xe3\xcf\x89\x82\xf7\x18\xb2\xed\xcf\x1f\x199O\xf8\xc7cLV\xc1`\x9aE\x1dK\x8d3j\x9fz\x92\x84Gie\'\x92\xacv\xa1\xed\xbd)\x1d\xc3q\xf1\xde\xd3\x0ce\xe9\x99v\xad\xa1J\xc9\xc5\t^P\xb0\xf5\x0e\xb7\t\xab\x1b\x9f\xa2\xcaK)\xf4\xad\xff\x00\t\x85k\xdai[\xec#\xccW\xb8\xc8|\xe6Gr\xe7\x19\xb1\xcb\x88\x1fs^\xd2\xfedM\x8c{\x90\xdd\xd4P\x9a\xee\xf2?z\xf6\xd4H\x97c \xbf\xad\xa049x\x1f\xb5w\x92\x89\x12\xccel\x9e\xa2\xdb\xda\xcf\xd7\x93\\\xe6?\x12&lt;X\xcaY\x9dP\x8c\x9f\xc8\x01\xaaY\xe5\x8a\x84\xca\xc7\xba\xb0\x96\xf2@\x15\x0f\x96Y\xf1H\x0fuy\xd5~L\n\xf7\xcd=\xf0\xc8Ou6s\xc0\x94\xa8\xe3\xd6\xaa|\x80\x0e\xb7-\\b\xfd\xeaEN\xae\xbc\xde\x14X\x86\xb5\x97V0\x14\x94\xee\xdb\xefA\xe4\xe4\xa5k\xdb\xcb\xd7\t\xae&lt;\x15`\xbe\xb1~\xefgIM\xda\xe4\x89\x8d\xa1*%\x0e7\xb4\xa4\xe3\x8c\x14\xf9\xd6\x1f\xc8Z\xf7\x02,\xfb\x97\xdc\xcagT\xbf9\xc6N\xcc\x8fm\xd7\xef[t\xe4GbBaKJ7&lt;\x90\xb2P\t&lt;R\xff\x00\x1d\x99\x95b\xb0\xab\xa4\x1f\x89\xa6\xcb\xf1\xb7\xe0\xa2\r\xfb\x03\xff\x00\xc4\xbd\x89l\xbb\xc9T\x8b\xa2\'\xad\x89\x13\x90\x9d\xde\x17;R;$w\xe0R\xbb\xb3&lt;\x8e}\x86\xbcz\xc9\xd7\xe7\xf14U`\xf8\x7f\x1bB\xdd\x9bg\xde\xdd\x91*$\xea\xc6\xb4\xf3\x12\x12\x99\xea\xb8Jo\xf3\xad\xc5n\x08&gt;\xfc\xd1\x18\xfe#\xc8\x86\xdd\xce\x08&gt;\xe2\x9c\xaf\xa8\xfcO\x12\x98\xb4\x9d\x8f\xfa\x95w.\xb2\x17\xa3\xa5\xb8\xf1\xd0\x93\xb7\x95y\x1f\xb5\x05\x99\xe0o\x0b\xca\xdb\x89\x1f\xb0\x90\x1fY5$2P \xf4\xadu&amp;\xe7!\xb5\r\xac\xa0\x0c,\'\xba\xbd\xa9\xd2/\x1c1\x8a\x07\x7f\xbcOW\x9dW\xf2+\x9br\xf5\xfbL\xae\xf7+]\xca\tq\xd8\xb8|v\xf0\xd2s\xfbR\\\x8a/\xa6\xbe\x0b_#\xfb\xcf\xaex\xff\x00\xa8|~[il\xd7\xf7\x94\x96ke\x92\xfb \xaeJ\xc2N\x7f\xb8_\x07\xf6\xac\xc6M\xf9\x98\x87\xb15\xce\x95\xdd_\xfbg\x7f\xc8\x90uILK,\xbb#1\x8acIsr\x15\x8f\xca}\xa9\x97\x8b\xccg\xbdm\xbd\xba\x13?\xe6&lt;\x1dy\xb8\xe7\xe2\xfe\xadD\xdc\xad="+\xe1)J\xda\x92\xda\xb1\xbcq\xc5}\x177&amp;\x9b\x80\xb2\xa6\xf72~\x13\x1a\xcc~Td\x0e\x84%\xb6\xea[\xa5\xa1\xc6\xa2\xc9\x90\xb9\x08\x03#y\xce\xdf\xb5\x00\xa9]\x8b\xb72\xcc\xbaU\xaf\xf8\xb1\xd3_\xb9\x96\xd0z\x81rrk\xcd"IK(NP\x08\xf3\xa20kLw$I\xf9?\x16.\xc7\x0b_\xf5\x08E\xa7\xef\x9a\x97R\xb6\xa6\xd9\x8c\xe1N|58\xdb{\xbb\xfb\xd6\x9cZl\x03K&gt;}v\x0f\xfa~\xcd\x96q3\xe91o6\xeb\xab6\x99\x1b\xcf\x88\xb0\x0e\xf1\x9e\t\xef\xc5+\xcd\xaf\x1d\xc7\xde5\x01\xc2\xf39x\xd7\xe9\x1f\x90\xfeam\xb6\xe0X\x9d"\x0c"\x1af&amp;w)|\x02@\xeeM]\x8f]8\xcb\xb1\x01\xf2&gt;_#\xc8\xd9\xc9\xdbC\xf6\x8b\x8dP\x89\xda\xee\xf0\xff\x00\xc8\xdd\xd0\xd2\x1aV\xd5x\'\xe9\n\xff\x00Z_\x99\xe5\x12\xbb@i\xb1\xf0\x9e\x1a\xbf#\x8cmM\xec{\x9b"[\xe5B\xb7\x18\x92\x9d/;\xff\x00\xcd\xcf&amp;\x83\\\x85\xc8o\xbf\xd4\xd1\xdb\xf4\xf8T\x01=\xca\xf5\xe9)\x92\xe60\xec\'\\i \xfe O\xf3\n\xe32\'\xa9J}9\xb2\xa5\xa36\xd3\xa5\xad\xd2c7\xfcA\x9d\xe4c\x85s\x93@\xbeU\xa0\x1f\x8c\xcd\x95^2\xa4\xd2\x9f\xc4cX\xad\x10m,\'l \xcbx\xe3#\x9a\\\x99D\x92.=\xc3\xac\xc6U\x1f\xedE\xefUu\x13,\x0c\xdb\xd3\xbd\xf0NSM\xfcc\x1b\x98\x86\xf5\x00\xc9\xa8\xa0\xdbN\x82\x93\xd4\x99\x8e\x02\x02\xb1\xfa\xd7\xd5~S&gt;E\xf0\xca\xa9:\xeas\x99\xfc_\xebP6\x99/\x84J\xb9\x1a\xb2c\x9d\xdeW\xef\\\xe4Os\xbc\x00\xeaW\xbb\xa8\x1fY9u_\xbd{s\xda\x12\x13\xb7w\x15\xdd\xc3\xfb\xd7\x7f\xc6\xe7\x88\xd7\xf1"\xbbsW\x9a\xea!\xb4d\x86\x8f\xae\xe4G\xaeX\xeek\xda&gt;\xf78\x08&gt;\xc4\xdfj\xb6={{\x85\xf8L\x8e\xea?\xe9H\xf3\xbc\x95X\x7f\x9d\x98\xf7\x07\xc5\xdb\x96v\x06\x84%\x81\xa2\xed\xb3\xd4\x91\x1e\xe4\xa5\xba\x85\x00\xe3d~\xf5\x96o\xa9B\xecjh\x9f\xe9\xe0\x80\x1d\xc6k\xd6+)\x81\x1e$f\x12\xa4\x04\xe1\xcd\x9c*\xbeo\x99\xf53\xdd\xe4+J\xdc\x91\xf9\x11\xce6\x10\xa1H*\'\x96Vmv\x14:\xccVR\x16\x90N\xf5\x9c\x91\xfa\xd3\x9f\xf5\x03}\xa1I\xf5\xfc\xcb-\xc3%v\xa3[\x8a\xab\xbe\x9dU\xcbQ\xca\xb8\xdd\xa4\xb7"\x1a\t(o~\x12\x07\x96k\x97\xf9\x8b\xec\xb3\xe2\xc6^C^\xa2\x1co\xa6p|al\xcc\xd6\xfb\x89\xd8$\xf5)#\xbdk\x95xS-\x96\x84d\xa4!{\x7f!&gt;\x98\xf3\xad\x17\x8b\xc7\xb1\x945\xbd\x7f\x13\xe6\xbfPy\xef\x9a\xfbi\xc7;Rz?\xfcB}M\xae\xad\xbasO\xba\xd4)i\xf9\xd7\x1b\xc2N;q\xd8zV\xd4\x94\xa2\xa2\xa916d\x17 \xb1$\xff\x003\x9b\xd1s,[n\x8c)\xb5,\xcaXZ\x96\xd6V\xb2A\xcf4\xb6\xabYW\xa1\xeeyX\xb1\x9aaJ[M\xa9\xe6\xa1=\x85\x0f\xad\x0e\x10\x92\x0f\xebWX\xe1\xd7\x8c$\xfa\x91\xdc\xbf\\[PJm\x8e{)*\x06\x97\x84U\x1a\x12\xb3\xd9\xd9\x976\xbb\xa5\xdd\xe6\xd4\xb7m2&lt;$\x8c\xa9A&lt;\x01\xebD+\x908\x8fR\x9d\xf1;\x12\xd5\x0f3tu\x97V\xd2\x9b}\x9f\xc8\xb56Rq\xe8O\x9d\r\x95\xe3\xe9\xcf\xa8\xa3tf\xab\xc4}K\x9b\xe2\xdc\x04~K\xfb\x1f\xc48\xb7\\\xed\x12\xa3\xad7\x08\xe1n\x01\xf4\xfd9\xe7\xda\xbea\x93\xf4\xf6v\x11/H\xe4\xb3\xec\x18\x1fVa\xe6\x90\xa5\xb81\xfd\xfdJ\x19V;-\xcaI\x0f6\x12I\xc2H84\x8b\xf5\x19t}\xa7}M\x9f\xe9R\xd5\x0e\xbf\x9f\xc8\xfc\xcb\x86z/o\xbb1\xff\x00&amp;\x12\x97\x0fm\xdd\xea\x8f\xf5\xdb\xc3\x84\x81|\x02\x96\xe4\xc2Q\xdd~\x1a\xe7B\x94]e\xd4\xa8\x11\xf5\xa4\x1c\x13Z,o\xa9\xce)\xd5\xde\xa7\x0f\xc5gb\x19h;,\xad\x1fb\x99mq\xb5\x82\xd9.\xb6\xad\xb9\xdc&lt;\xc6k{\xe1\xfe\xab\xc4\xcbS[tg\xcc\xfe\xad\xf07\xdaFF7b\n\xb3\xab\xadcZ@p\xb4\x15;\xe6\x92T\xcb\xdc\x02\x9c\xf3\x9c\xf6\xe34\xcb+\xc8c\xd87\xee|\x97\xe1\xb5-\xe3`\xd6\xa0gZ\xaf{u\x04\xe86\xdf\xc1\x82\xeb\x85\xc5\xad\xaf\xfa\x84\xf3\xdf\xd0v\xa4\x075\xacb\x10\xce\xa5Ke\xa7^\x89\x9b\xac\xdd=\x93l\xd3l\xcb\x8e\x0b\xad&lt;\x9f\x15nz\xe4yVy-99|o\xe8\t\xfac\xe9\xfcZ\xfcf\x17\x1a\xce\xcb\tL\x87\x1fvxo\xc2p\xa5\x1d\xb8\xefZ\xef\x9f\n\xb5\xfe\xa8\xcd\x92\xe7m\xea0\xad-\xcd\x84\xc3h\\4\xb8\\\x19\x01\xbeH\x14\x92\xcc\xfa\x0bi\x1bfO\xe0q\xf74\xbbn\xe1\x12\xdd*"\xde\x18ij\xe4\x1f#E"\xd9r\xed n\xe4\x18I\xfcy\xdb\x85\xc8*;^$D\xa7\x1cz\xd2K\xe9!\xf6}\xc2\x91\x95j\xfeb\xaf^&amp;)\xb9\xbe\xear\x87F~\x8a\xd4\xf8\xfbJ.\xb5\x01\xbdy\xfb\x8c\x97/-\'\xf9\x85}B|\x87R\x1b\xfa\x81\x94\xff\x008\xae\xfb\x9c=H*\xd4\x01\xe5\x844\x0b\xae\x1e\x02P2O\xe9Q\xe4\xba\xdb6\x80\x9d\x08\xc4\xebP\x86\x0e\x91\xbe\\!"c\x8d5\x02!\'.J^\xc2\x9cz\xa7\xbf\xf4\xa4W\xf9\xec\nv\xbf $F\x95x\x9c\x9b\xbf\xa4K4\xda\xb4\xde\x9cG\xcc]\'\xb9tHNV\x98\xcd-)O\xd8\xe3\xfc\xeb+\x93\xf5R5\xa2\xaa\xfd\x1f\xd8\xff\x00\xf8\x9a\xec?\xa6\x88\x1c\xac\x1d\xc1mg\xd5-(\xfce\xb3l\x89*Kl\xb6\x02V\x94\xa5\xb5 \xf6\xca\x88\x07#\xdf\xde\x97\\r\xc3~\xa2\x86;\xfeN\xff\x00\xf6\x9a\xaco\x11K\x0f\x8b!@\x93\xb4&amp;\x9a\x7fW6\x87\xdbTP\x16\x8d\xe9C\xcb\xc9 w\xe7\xd7\xf4\xac\x9b\xfdE\xe4\xda\xc6\xa4Y\xa2?p?\xf8\x9c\xcc\xf0\xde3\x0bN+\xdf\xf6\x97\xb1\xb4\x9cI\x12\xc2\x87\xce\xa1-\xee\xdc\x88rr\x01\xce3\xd8\xf1\xe7\x83K\xaa\xf2\xf9\x97\xb9r9\x81\xb2e\xc5E\x08\x1147/\xb4\xfe\x9d\x9b1\x97eX\xeem( \xa8\x12\xebc\xc4W\xb1\xed\xcf~qV\xab\x8c\xc5f\xaf`\x88\x1d\xf9KK-w\x8f\xfa\x96i\xd0\xda\x8ec)\x94\xb9\xe1\x92S\xf5\xf8`\r\xa4z\x8c\xd2;\xfcx\xff\x00\xfbGC^\xf6t\x7f\xbc\xf2\xf9*\x83q\x0b\xb1\x05\xef7\x9dY\xa6&amp;6\x96\xec\xa6\xe7\x19*\xc3\xabd\xe5K\xf7\xc5O\xc5]SX\xb5\xabh\x9f\xdf\xf3\x0e\xb1\xe9j\x8d\x84\xf6?\x10O[\xdan7\xc9\xff\x00)\n3\xd1YJ\xf2XZ\xb9[\x9d\xd4N|\x87a_`\xc3\xf1T\xe3\x8eU\xf4Os\xf3\x9f\xd4\x1ej\xff\x00#\x90\xc9f\xf8\xafZ\xfc\x7fx\x15+JM\xb3\xa9Kt\xa9/ d\x16\xb9\x04\xfb\x9an5_\xb31\x8eU\xbdA\xcb\x8c\x99\x8e\xcd\xcb\xb1\x83\xa5$`\xaf\x93\xfa\n\xb82\xd9\xf9\x95\xaa\x95\xf6%\x15\xedw\x86\x14\x11\x05a\xb5-9X#\x1et\xc4R\x02\xf5\x0eE\x1a\xdc\x0e\xbb\xdb\xb5\x08ss\xd2\x1cP&lt;\x8f\xab\x81\xfbR\x8b\xab\xb7}\x18@\xe3\xf9\x84\x16\x18h\xb2\xda\xd1&gt;\xe3-n\xb8\xa5a\x0c\x15\xe4\x93\xf6\xa1t\xd5\xac\x15\x8e\xdb\xed\xf5\x1e\xbd2\x08F\x85\xbc\xce\xba\xa7c\x97\x0c6\xcb+O)lv\xfd\xcf?\xa5\x1c\x8e\xb4\xe3\x92\xde\xcc\x1d\xf4\x04_j=qe\xd3\x0c\xf8n(\xbf(\x9c";#r\x94\x7fJ\x0e\x90m\xecJ\xd2\x97\xb2\x08\xc6\xd5:\x92\xf8\xfeC,\xd8\xe2+\x91\x84\xf8\x8e\x91\xe4}\x056J\xfb\xfb\x8fQ\x9aT+:n\xe1\xa5\xaa3\x89\x86\xdb\xf2\xa5\xa9\xe7[\xe4&gt;\xe0\xdai^o\x8f\xc7\xcbmhl\xcd7\x8e\xfa\x97;\xc67\x1a\xd8\x95\xfd\xa1\xa5\x9b\xa8\xcc[\xed\xff\x008\xfb\xaaoi\xc2I\xe3u|\x7f\xcb\xfd=~=\xfbQ\xd4\xfb\x9f\x86\xf3Ty\xca\xfa\xe9\xbf"b\xff\x00_T\x899(S\xc4\x1e\xde\xd4\xad\xfc\x15\x97v\xe7\xb9\xa8\x1e&gt;\xb0:2m\xcb\xad\xe96\x89\x12#\xa5&gt;:[$!C8\xe2\x8a\xf1\xbe2\xca2t\xc7\xdcU\xe4\xb1\x7fI\x8a\xce\x87z\x9c\xf3\'S&gt;\xc2\x9f\xbd\\H\x93{\x98\xbc\xb2\xd2\xc7\xf7\x08?\xcd\xb7\xcb&gt;U\xf4\xb3\x8e\x88\x9c\'\xe6\x9c\xcb\x9f&amp;\xeeL{&amp;\x10\xddl2"[\xed\x13o\xc8Spn\rn.$\x13\xb3\xd3\'\xf9O\x9dS\xe3\x06+Z@yfg\x8c\xcb\xc7\xa81\xaf\xafp\xdf\xa6}g\xb32\x13\xa2\xaejL\xb8\xad\x9d\x91\xa7\xb6?0\xee\x02\xbf\xde\x8b\xf2\x9e%-\xa4\xdbKh\xcd\xa7\xd3\x9ec X\xb8\xf6)\xdf\xe0\xc3\xd8M\xe9\xd5\\\x94\x86\x83kJ\x8f\x04w\x15\xf3#\x89r\xf2\x0f\xe8O\xb2\xb5\x96\x94\xe4!;V\xc8\x11\x16\x97b\x9c9\xe9\xedC\xe1\xe3\x87\xb4\x15n\xc4\x15\xf2\x18.\xde\x00uf\xd4\x96\x99eP\x10V\xf6w/\x03\xb5}G\x02\xdf\xf7B\x11\xd4O\xf2\x96\xd9i\x0bJ\xea9P\xe2\xa4\x96\xca6\x8c\x10Gza\x91\x8c\xa2\xc3\xd7RA\xb9\x0fsN\xaa\xb7\x7f\x1b\t}\xb6B\x9cQ\xe7\x02\x97\x9bE\'R\xed\x12\xa6/\\\xd6\xce/\xb2\xff\x00\xad}D\xbf\xed&gt;Y\xc0\x88g\xa0\xf4U\xef]%\x99\xcaX\x85g.\x14*S\x8a\x00\xab\x07\x90\x84\xf7\'\x9fLV[\xcd\xfdAG\x89\xa4+wcz\x027\xc1\xf1V\xe5&gt;\xf5\xa1:oM\xdbt\xf6\x81\xb5\x84@\x8c]\x93\xb4\'\xe6\x9e\xfa\x97\x91\xe9\x81\xc7\xbe+\xe6&gt;c\xcd\xe4&gt;7&amp;&lt;7\xff\x00\xefSUO\x8d\x05\xb5\xae\x84\x90U2\xe1h\x9e\xb1\x1dRD\xac\x10\x97\xb2\xd9H\x19\xec0s\x9a\xcd\xd1\x8dux\xd6\x14\xdb\x17\xf5\xb8\xd45ir\xfd\xc0hEF\xab\xd3\xf3-\xcd\xad\xf7\x10\xe2`\xc8eK\x08VV\xa4\x91\xc68\xf2\xef\xcfj\xd2ba6\xab\xb6\xe1\xd6\x84\xd1W\x9fU\x83\x88#b!um\x89\xcbSp\x90\xecd\xb8\xe4\x85)\xcf\x15\xb5m\xd8\x84\xa7#=\xbf\x97\'\xbf&lt;b\xbe\x93N\x1a\xb2+\x03\xd4Qvw&amp;\'}\x89\'@k\x89\x9aq\x96\x12\x89im[\xd4\\\xf1\x12N\x10\x92\xac\x14\x9c\xe0\x82?\xf7\x8a\xce\xf9O\x11F]\xed\xae\xba\xf6!uX-\xa45\xa3f;m\x1dG\x8fy1\xd4\xda\x90\xdc\x87@R\x02q\x85\x91\xe5\xf7\xaf\x9c]\xe1\xae\xc0\xb4\xda\xbf\xd3\xfbK&gt;/\xeaU\xf4#C\xa61\xa7&amp;\x0b\x92]qN\xeeu_Z\x90\x01\x03\xbe\x0e?Z\xd7\xf8\x0cK-\rx\xf4L\xc8\xf9\xdb\xeb[\x05i\xd1\xd4\xb8\xd72&amp;\xdb\xdd\x92\xb41\x86\x92\x90B\xd0\x928\xc7\x9f\xbf\xbd|\xff\x00\xea\xcc[\xbf\xd4\xda\xb2\xa7\x80\xd7z:?\xde\x1b\xe1E\x16\xd6\t;h\x1bc\xea#\x0c\xdc\x1b\x85(\xad\xd2\xb1\xc8R&lt;\xfe\xe4\xff\x00ZM\x8f\x8e(qj}\xc3\xf9\xfcG\xf9^0\xba\xf2Y\x1fT&lt;ow0-\xd7a\x11\xf5\x9d\xa5K\t\xdc\x83\xef\xb8S\xaa&lt;\xff\x00\x92\xa2\xde\x9c\xeag\x9b\xe9\xcc+\x10\xbeE;?\xbc\xae\xb8\xf4\xe6\xf5s\x8eU\x17Q\xb6\xb5\xed\xce\xf7"4\xa4\xad_\xb57\xa7\xeal\xab\xac+y\xfbfg#\xe9\x8f\x19\xcb\xff\x00\x0bQ%\xaf4\xbfR\xf4\x93\x1e4\xab-\xbe\xee\xc2rJ\x98mi*\x1fd\xab\x8f\xda\xb5\xf8\xdeV\x81\xaf\x91\xb8\xef\xd7\xe6!\x7f\xa4\xb1-$\xd4H1O\x17\xacQS5\xc6\xaf\x16y\xb6\x95\xa7 )\x03\xc5\x19\xf4\xdapq\xfb\xd6\xe2\x8c\xa6\x08\x18\x10\xc3\xf81\x05\xff\x00LdTO\x10L$\xb7j-;}i[o\xd1V\xa5\x8c\x06\xdcJ\xdbP\xfd\x08\xaa\xef\xf2\xe9X\xd5\x957\xf8\x1b\x89\x9f\xc4eTt\xcb\r4M\x97O\xb3pe\xeb\xd4\x86.\r \x12\x84\xa1\\ \xf9g#\x9aMW\x9a\xc1;\xf99/\xf7\x11{`Z\x9e\xc4\xfb\xaa\x17\x9b\xe5\xed\x1f+cr\x1b1\x06\x12\x14\x1fJ@\x1fj\x1d\xbc\xc6%\xbfh\xde\xbf\xb4\x1c`\xda\xa7dn-\xed\xdaN\xd5\xa6\xdd\x12\xae\x97\xd8K\x90\xa5\x1f\x11\xe9\x12\x91\xc7\xae9\xe2\x9ac\xf9*\xbdT\xa4\xff\x00\x88p\xc6\xbfZD\x92%uOC\xd8\xd6\xa0\xbb\xb2f,\x1c\x7f\xca4\xa7\x07\xef\x80?\xad\x18,\xbe\xef\xf8k\xfb\xcb\xeb\xf19\x8f\xf7k_\xdeDW^\xac\x13\x87\x85o\xb3\xcc\x98G\x01O\xe1\x03\xef\x81\x93]\x14\xdc\x0f\xf3\x1c\xe2\xfd:\xec\xdc\xadmJ\x83\xd4g/s\xfc\x19M3\x1d\x81\x92\x86\x92p\x84\x8f|\xf7&gt;\xf4\xb3/\x02\xdb\x8e\xd5\xf6g\xd6\xbc%8\xbe%8(\xec\xfeO\xb8{\xa1\xa5Z\xae\x8d\x00\x87N\xe5e#zr\r`\xbc\x80\xc9\xc6:oS\xe8\x95\xb8\xb5y\xa9\xea0[\xe9\xe7\xf1\x14\xa1\xe4\xad\xb6\xd2\xdax\xfav\x85}\xeb4&lt;\xc7\xc5h, \xf9\x1a\xb2\x97\xab\xd9 \xc0;WD&amp;]5\x0c\xa9W\x0b\x83O\xb9\xbc\xa9(d\x12\t\xcf\x03&gt;U\xaf\xff\x00W\xfd]|j\x1a?\xcc\xf9\x9e\x1f\xd2\x02\x9b\x8eNI\xd8\xde\xf5\x18\xe8\xd1\x17\xc8.\xa6\x1d\xd5(n\x02\xd4\x94\xa6D\xa4\x17Zm?\xa7\x14\xba\xa3]D\x83\xb0\xe7\xfe\xa6\xe6\xc4\xa6\xfa\xf8\xf1\x04\t\x05\xee\x975\xa7oO\xbc\xd4X2[Ke`\xb2\xd8\xfa\xf3\xd8\x8f!G\xd1\x96\xca\xdf\x15\x84\xc1\x17\x0f\x1d\x13\x95u\x80d\x04;!\xab\xb3mC\x8c\x1ce_R\xdcR\xf0\x10\x07|\x1f:g\x95Z\xf0 \x1f\xc4`\xbf\xd1\xb61\xb7f\xb8\xc0E\x9bk\xf2\x9b/\xe3)\'\x83\x9fz\xc7\xa0\xaf\x14\x13\xf91E\xe2\xc7`5\xd4\x87r\x8c?\x87\xaeC\x8aD\x94\x81\x90Q\xcdj|^@Z\xf8\xd8\xe0\x93\x16e\xa1\xe7\xb4\x11]\xa8\xae\xee\xdb\x9fi-4T\xd3\xbd\xb0;\x1a\xd3&gt;`U\xe2\xc2Y\x87V\xff\x00\xa8\xf7\x0c\xb4|\xe8\xea\x8e\xc2\x96\x00q=\xf7Vs%\xd2\xc3\xb1\x18&gt;\xd4j\'\xac\xfa\x05\xd9r\x9aB\x9au'... (set the log level to DEBUG or TRACE to see the full content) 
 </msg>
<msg timestamp="20200803 20:41:08.747" level="INFO">POST Response : url=http://ninjachef-api-qaninja-io.umbler.net/products 
 status=200, reason=OK 
 body={"_id":"5f289e30fbba920016c6b9e0","user":"5f20ab8f42f1f60016038ec8","thumbnail":"thumbnail-1596497455921","name":"Lasanha delicia","plate":"Tipo","price":15,"__v":0,"thumbnail_url":"http://ninjachef-api-qaninja-io.umbler.net/files/thumbnail-1596497455921","id":"5f289e30fbba920016c6b9e0"} 
 </msg>
<msg timestamp="20200803 20:41:08.748" level="INFO">${resp} = &lt;Response [200]&gt;</msg>
<status status="PASS" starttime="20200803 20:41:08.143" endtime="20200803 20:41:08.748"></status>
</kw>
<kw name="Status Should Be" library="RequestsLibrary">
<doc>Fails if response status code is different than the expected.</doc>
<arguments>
<arg>200</arg>
<arg>${resp}</arg>
</arguments>
<status status="PASS" starttime="20200803 20:41:08.748" endtime="20200803 20:41:08.748"></status>
</kw>
<kw name="Convert To String" library="BuiltIn">
<doc>Converts the given item to a Unicode string.</doc>
<arguments>
<arg>${resp.json()['_id']}</arg>
</arguments>
<assign>
<var>${produto_id}</var>
</assign>
<msg timestamp="20200803 20:41:08.749" level="INFO">${produto_id} = 5f289e30fbba920016c6b9e0</msg>
<status status="PASS" starttime="20200803 20:41:08.748" endtime="20200803 20:41:08.749"></status>
</kw>
<kw name="Set Test Variable" library="BuiltIn">
<doc>Makes a variable available everywhere within the scope of the current test.</doc>
<arguments>
<arg>${produto_id}</arg>
</arguments>
<msg timestamp="20200803 20:41:08.750" level="INFO">${produto_id} = 5f289e30fbba920016c6b9e0</msg>
<status status="PASS" starttime="20200803 20:41:08.749" endtime="20200803 20:41:08.750"></status>
</kw>
<kw name="Go To" library="SeleniumLibrary">
<doc>Navigates the current browser window to the provided ``url``.</doc>
<arguments>
<arg>${base_url}</arg>
</arguments>
<msg timestamp="20200803 20:41:08.750" level="INFO">Opening url 'http://ninjachef-qaninja-io.umbler.net/'</msg>
<status status="PASS" starttime="20200803 20:41:08.750" endtime="20200803 20:41:11.041"></status>
</kw>
<kw name="Input Text" library="SeleniumLibrary">
<doc>Types the given ``text`` into the text field identified by ``locator``.</doc>
<arguments>
<arg>${CAMPO_EMAIL}</arg>
<arg>${email_cozinheiro}</arg>
</arguments>
<msg timestamp="20200803 20:41:11.042" level="INFO">Typing text 'albert@teste.com' into text field 'id:email'.</msg>
<status status="PASS" starttime="20200803 20:41:11.041" endtime="20200803 20:41:11.259"></status>
</kw>
<kw name="Click Element" library="SeleniumLibrary">
<doc>Click the element identified by ``locator``.</doc>
<arguments>
<arg>${BOTAO_ENTRAR}</arg>
</arguments>
<msg timestamp="20200803 20:41:11.260" level="INFO">Clicking element 'css:button[type=submit]'.</msg>
<status status="PASS" starttime="20200803 20:41:11.260" endtime="20200803 20:41:11.326"></status>
</kw>
<kw name="Wait Until Page Contains Element" library="SeleniumLibrary">
<doc>Waits until the element ``locator`` appears on the current page.</doc>
<arguments>
<arg>${DIV_DASH}</arg>
</arguments>
<status status="PASS" starttime="20200803 20:41:11.326" endtime="20200803 20:41:11.621"></status>
</kw>
<status status="PASS" starttime="20200803 20:41:08.114" endtime="20200803 20:41:11.621"></status>
</kw>
<kw name="Quando o cliente solicita o preparo deste prato" library="kws">
<kw name="Create Dictionary" library="BuiltIn">
<doc>Creates and returns a dictionary based on the given ``items``.</doc>
<arguments>
<arg>Content-Type=application/json</arg>
<arg>user_id=${token_cliente}</arg>
</arguments>
<assign>
<var>&amp;{headers}</var>
</assign>
<msg timestamp="20200803 20:41:11.623" level="INFO">&amp;{headers} = { Content-Type=application/json | user_id=5f20ace842f1f60016038eca }</msg>
<status status="PASS" starttime="20200803 20:41:11.623" endtime="20200803 20:41:11.624"></status>
</kw>
<kw name="Create Dictionary" library="BuiltIn">
<doc>Creates and returns a dictionary based on the given ``items``.</doc>
<arguments>
<arg>payment=Dinheiro</arg>
</arguments>
<assign>
<var>&amp;{payload}</var>
</assign>
<msg timestamp="20200803 20:41:11.624" level="INFO">&amp;{payload} = { payment=Dinheiro }</msg>
<status status="PASS" starttime="20200803 20:41:11.624" endtime="20200803 20:41:11.624"></status>
</kw>
<kw name="Create Session" library="RequestsLibrary">
<doc>Create Session: create a HTTP session to a server</doc>
<arguments>
<arg>api</arg>
<arg>${api_url}</arg>
</arguments>
<msg timestamp="20200803 20:41:11.625" level="INFO">Creating Session using : alias=api, url=http://ninjachef-api-qaninja-io.umbler.net, headers={},                     cookies={}, auth=None, timeout=None, proxies=None, verify=False,                     debug=0 </msg>
<status status="PASS" starttime="20200803 20:41:11.624" endtime="20200803 20:41:11.625"></status>
</kw>
<kw name="Post Request" library="RequestsLibrary">
<doc>Send a POST request on the session object found using the
given `alias`</doc>
<arguments>
<arg>api</arg>
<arg>/products/${produto_id}/orders</arg>
<arg>data=${payload}</arg>
<arg>headers=${headers}</arg>
</arguments>
<assign>
<var>${resp}</var>
</assign>
<msg timestamp="20200803 20:41:12.120" level="INFO">POST Request : url=http://ninjachef-api-qaninja-io.umbler.net/products/5f289e30fbba920016c6b9e0/orders 
 path_url=/products/5f289e30fbba920016c6b9e0/orders 
 headers={'User-Agent': 'python-requests/2.24.0', 'Accept-Encoding': 'gzip, deflate', 'Accept': '*/*', 'Connection': 'keep-alive', 'Content-Type': 'application/json', 'user_id': '5f20ace842f1f60016038eca', 'Content-Length': '23'} 
 body={"payment": "Dinheiro"} 
 </msg>
<msg timestamp="20200803 20:41:12.120" level="INFO">POST Response : url=http://ninjachef-api-qaninja-io.umbler.net/products/5f289e30fbba920016c6b9e0/orders 
 status=200, reason=OK 
 body={"_id":"5f289e33fbba920016c6b9e1","user":{"_id":"5f20ace842f1f60016038eca","email":"cliente@teste.com.br","__v":0},"product":{"_id":"5f289e30fbba920016c6b9e0","user":"5f20ab8f42f1f60016038ec8","thumbnail":"thumbnail-1596497455921","name":"Lasanha delicia","plate":"Tipo","price":15,"__v":0,"thumbnail_url":"http://ninjachef-api-qaninja-io.umbler.net/files/thumbnail-1596497455921","id":"5f289e30fbba920016c6b9e0"},"payment":"Dinheiro","__v":0} 
 </msg>
<msg timestamp="20200803 20:41:12.121" level="INFO">${resp} = &lt;Response [200]&gt;</msg>
<status status="PASS" starttime="20200803 20:41:11.625" endtime="20200803 20:41:12.121"></status>
</kw>
<kw name="Status Should Be" library="RequestsLibrary">
<doc>Fails if response status code is different than the expected.</doc>
<arguments>
<arg>200</arg>
<arg>${resp}</arg>
</arguments>
<status status="PASS" starttime="20200803 20:41:12.121" endtime="20200803 20:41:12.121"></status>
</kw>
<status status="PASS" starttime="20200803 20:41:11.622" endtime="20200803 20:41:12.121"></status>
</kw>
<kw name="Então devo receber uma notificação de pedido deste produto" library="kws">
<kw name="Convert To String" library="BuiltIn">
<doc>Converts the given item to a Unicode string.</doc>
<arguments>
<arg>${email_cliente} está solicitando o preparo do seguinte prato: ${produto}.</arg>
</arguments>
<assign>
<var>${mensagem_esperada}</var>
</assign>
<msg timestamp="20200803 20:41:12.123" level="INFO">${mensagem_esperada} = cliente@teste.com.br está solicitando o preparo do seguinte prato: Lasanha delicia.</msg>
<status status="PASS" starttime="20200803 20:41:12.123" endtime="20200803 20:41:12.123"></status>
</kw>
<kw name="Wait Until Page Contains" library="SeleniumLibrary">
<doc>Waits until ``text`` appears on the current page.</doc>
<arguments>
<arg>${mensagem_esperada}</arg>
<arg>5</arg>
</arguments>
<status status="PASS" starttime="20200803 20:41:12.123" endtime="20200803 20:41:12.141"></status>
</kw>
<status status="PASS" starttime="20200803 20:41:12.122" endtime="20200803 20:41:12.142"></status>
</kw>
<kw name="E posso aceitar ou rejeitar esse pedido" library="kws">
<kw name="Wait Until Page Contains" library="SeleniumLibrary">
<doc>Waits until ``text`` appears on the current page.</doc>
<arguments>
<arg>ACEITAR</arg>
<arg>5</arg>
</arguments>
<status status="PASS" starttime="20200803 20:41:12.143" endtime="20200803 20:41:12.159"></status>
</kw>
<kw name="Wait Until Page Contains" library="SeleniumLibrary">
<doc>Waits until ``text`` appears on the current page.</doc>
<arguments>
<arg>REJEITAR</arg>
<arg>5</arg>
</arguments>
<status status="PASS" starttime="20200803 20:41:12.159" endtime="20200803 20:41:12.174"></status>
</kw>
<status status="PASS" starttime="20200803 20:41:12.142" endtime="20200803 20:41:12.175"></status>
</kw>
<kw name="Fechar navegador" library="base" type="teardown">
<kw name="Capture Page Screenshot" library="SeleniumLibrary">
<doc>Takes a screenshot of the current page and embeds it into a log file.</doc>
<msg timestamp="20200803 20:41:12.649" level="INFO" html="yes">&lt;/td&gt;&lt;/tr&gt;&lt;tr&gt;&lt;td colspan="3"&gt;&lt;a href="selenium-screenshot-22.png"&gt;&lt;img src="selenium-screenshot-22.png" width="800px"&gt;&lt;/a&gt;</msg>
<status status="PASS" starttime="20200803 20:41:12.176" endtime="20200803 20:41:12.649"></status>
</kw>
<kw name="Close Browser" library="SeleniumLibrary">
<doc>Closes the current browser.</doc>
<status status="PASS" starttime="20200803 20:41:12.649" endtime="20200803 20:41:14.791"></status>
</kw>
<status status="PASS" starttime="20200803 20:41:12.175" endtime="20200803 20:41:14.792"></status>
</kw>
<status status="PASS" starttime="20200803 20:41:02.195" endtime="20200803 20:41:14.792" critical="yes"></status>
</test>
<doc>Receber pedidos
Sendo um cozinheiro que possui produtos no dashboard
Quero receber solicitação de preparo dos meus produtos
Para que eu possa envia-los aos meus clientes</doc>
<status status="PASS" starttime="20200803 20:41:01.740" endtime="20200803 20:41:14.795"></status>
</suite>
<statistics>
<total>
<stat pass="1" fail="0">Critical Tests</stat>
<stat pass="1" fail="0">All Tests</stat>
</total>
<tag>
</tag>
<suite>
<stat pass="1" fail="0" id="s1" name="Receber-Pedidos">Receber-Pedidos</stat>
</suite>
</statistics>
<errors>
</errors>
</robot>
